2025-05-01 16:39:10,423 INFO: [31m[1mWARNING: This is a development server. Do not use it in a production deployment. Use a production WSGI server instead.[0m
 * Running on http://127.0.0.1:5000 [in C:\Users\HP\AppData\Local\Programs\Python\Python310\lib\site-packages\werkzeug\_internal.py:97]
2025-05-01 16:39:10,423 INFO: [33mPress CTRL+C to quit[0m [in C:\Users\HP\AppData\Local\Programs\Python\Python310\lib\site-packages\werkzeug\_internal.py:97]
2025-05-01 16:39:10,423 INFO:  * Restarting with stat [in C:\Users\HP\AppData\Local\Programs\Python\Python310\lib\site-packages\werkzeug\_internal.py:97]
2025-05-01 16:39:10,829 WARNING:  * Debugger is active! [in C:\Users\HP\AppData\Local\Programs\Python\Python310\lib\site-packages\werkzeug\_internal.py:97]
2025-05-01 16:39:10,835 INFO:  * Debugger PIN: 122-450-521 [in C:\Users\HP\AppData\Local\Programs\Python\Python310\lib\site-packages\werkzeug\_internal.py:97]
2025-05-01 16:39:53,420 INFO: [31m[1mWARNING: This is a development server. Do not use it in a production deployment. Use a production WSGI server instead.[0m
 * Running on http://127.0.0.1:5000 [in C:\Users\HP\AppData\Local\Programs\Python\Python310\lib\site-packages\werkzeug\_internal.py:97]
2025-05-01 16:39:53,420 INFO: [33mPress CTRL+C to quit[0m [in C:\Users\HP\AppData\Local\Programs\Python\Python310\lib\site-packages\werkzeug\_internal.py:97]
2025-05-01 16:39:53,420 INFO:  * Restarting with stat [in C:\Users\HP\AppData\Local\Programs\Python\Python310\lib\site-packages\werkzeug\_internal.py:97]
2025-05-01 16:39:53,732 WARNING:  * Debugger is active! [in C:\Users\HP\AppData\Local\Programs\Python\Python310\lib\site-packages\werkzeug\_internal.py:97]
2025-05-01 16:39:53,738 INFO:  * Debugger PIN: 122-450-521 [in C:\Users\HP\AppData\Local\Programs\Python\Python310\lib\site-packages\werkzeug\_internal.py:97]
2025-05-01 16:40:34,230 INFO: [31m[1mWARNING: This is a development server. Do not use it in a production deployment. Use a production WSGI server instead.[0m
 * Running on http://127.0.0.1:5000 [in C:\Users\HP\AppData\Local\Programs\Python\Python310\lib\site-packages\werkzeug\_internal.py:97]
2025-05-01 16:40:34,230 INFO: [33mPress CTRL+C to quit[0m [in C:\Users\HP\AppData\Local\Programs\Python\Python310\lib\site-packages\werkzeug\_internal.py:97]
2025-05-01 16:40:34,235 INFO:  * Restarting with stat [in C:\Users\HP\AppData\Local\Programs\Python\Python310\lib\site-packages\werkzeug\_internal.py:97]
2025-05-01 16:40:34,968 WARNING:  * Debugger is active! [in C:\Users\HP\AppData\Local\Programs\Python\Python310\lib\site-packages\werkzeug\_internal.py:97]
2025-05-01 16:40:34,974 INFO:  * Debugger PIN: 122-450-521 [in C:\Users\HP\AppData\Local\Programs\Python\Python310\lib\site-packages\werkzeug\_internal.py:97]
2025-05-01 16:41:35,505 INFO: [31m[1mWARNING: This is a development server. Do not use it in a production deployment. Use a production WSGI server instead.[0m
 * Running on http://127.0.0.1:5000 [in C:\Users\HP\AppData\Local\Programs\Python\Python310\lib\site-packages\werkzeug\_internal.py:97]
2025-05-01 16:41:35,505 INFO: [33mPress CTRL+C to quit[0m [in C:\Users\HP\AppData\Local\Programs\Python\Python310\lib\site-packages\werkzeug\_internal.py:97]
2025-05-01 16:41:35,509 INFO:  * Restarting with stat [in C:\Users\HP\AppData\Local\Programs\Python\Python310\lib\site-packages\werkzeug\_internal.py:97]
2025-05-01 16:41:36,538 WARNING:  * Debugger is active! [in C:\Users\HP\AppData\Local\Programs\Python\Python310\lib\site-packages\werkzeug\_internal.py:97]
2025-05-01 16:41:36,544 INFO:  * Debugger PIN: 122-450-521 [in C:\Users\HP\AppData\Local\Programs\Python\Python310\lib\site-packages\werkzeug\_internal.py:97]
